SF:lib\features\address\data\data_sources\address_remote_data_source.dart
DA:25,1
DA:34,1
DA:35,2
DA:36,1
DA:37,3
DA:38,1
DA:39,1
DA:41,1
DA:42,2
DA:43,2
DA:44,2
DA:45,2
DA:46,2
DA:50,1
DA:55,1
DA:57,3
DA:59,1
DA:60,1
DA:62,2
DA:63,2
DA:64,4
DA:66,1
DA:71,1
DA:73,3
DA:79,1
DA:81,2
DA:82,2
DA:83,1
DA:85,1
DA:90,1
DA:92,3
DA:94,1
DA:96,2
DA:97,2
DA:98,1
DA:100,1
LF:36
LH:36
end_of_record
SF:lib\features\address\data\models\address_model.dart
DA:4,7
DA:12,7
DA:22,2
DA:23,2
DA:24,2
DA:25,2
DA:26,2
DA:27,2
DA:28,2
DA:29,2
DA:30,2
DA:34,2
DA:35,2
DA:36,2
DA:37,2
DA:38,2
DA:39,2
DA:40,2
DA:41,2
DA:42,2
LF:20
LH:20
end_of_record
SF:lib\features\address\domain\entities\address.dart
DA:12,7
DA:22,3
DA:23,3
DA:24,3
DA:25,3
DA:26,3
DA:27,3
DA:28,3
DA:29,3
DA:30,3
LF:10
LH:10
end_of_record
SF:lib\core\error\failures.dart
DA:4,2
DA:5,2
LF:2
LH:2
end_of_record
SF:lib\core\usecases\usecase.dart
DA:10,1
DA:11,1
LF:2
LH:2
end_of_record
SF:lib\features\address\domain\use_cases\add_address.dart
DA:11,1
DA:13,1
DA:15,3
DA:22,2
DA:24,1
DA:25,2
LF:6
LH:6
end_of_record
SF:lib\core\platform\network_info.dart
DA:8,0
DA:9,0
DA:10,0
LF:3
LH:0
end_of_record
SF:lib\features\address\data\repositories\address_impl.dart
DA:13,1
DA:17,1
DA:18,3
DA:20,4
DA:21,1
DA:22,2
DA:23,1
DA:24,2
DA:29,1
DA:30,3
DA:32,3
DA:34,1
DA:35,2
DA:36,1
DA:37,2
DA:42,1
DA:45,3
DA:47,1
DA:48,2
DA:49,0
DA:50,0
DA:55,1
DA:57,3
DA:59,1
DA:60,2
LF:25
LH:23
end_of_record
SF:lib\features\address\domain\use_cases\delete_address.dart
DA:9,1
DA:12,1
DA:13,3
LF:3
LH:3
end_of_record
SF:lib\features\address\domain\use_cases\get_addresses.dart
DA:10,1
DA:13,1
DA:14,3
LF:3
LH:3
end_of_record
SF:lib\features\address\domain\use_cases\update_address.dart
DA:11,1
DA:14,1
DA:16,4
DA:23,2
DA:25,1
DA:26,2
LF:6
LH:6
end_of_record
SF:lib\core\util\input_converter.dart
DA:6,1
DA:7,1
DA:9,3
DA:10,2
DA:11,0
DA:12,0
DA:16,1
DA:17,1
DA:19,3
DA:20,2
DA:21,0
DA:22,0
LF:12
LH:8
end_of_record
SF:lib\features\address\presentation\logic\address_cubit.dart
DA:28,1
DA:34,2
DA:40,0
DA:41,0
DA:42,0
DA:44,0
DA:47,1
DA:48,2
DA:49,4
DA:52,5
DA:53,1
DA:54,1
DA:55,2
DA:57,3
DA:60,1
DA:61,1
DA:63,2
DA:64,2
DA:65,2
DA:66,1
DA:67,1
DA:68,1
DA:69,1
DA:71,2
DA:73,3
DA:76,1
DA:77,1
DA:78,2
DA:79,3
DA:80,1
DA:81,1
DA:82,1
DA:83,1
DA:84,3
DA:85,3
DA:88,1
DA:89,2
DA:90,3
DA:91,1
DA:92,1
DA:93,1
DA:94,2
DA:95,3
DA:98,1
DA:99,1
DA:111,1
DA:112,1
DA:113,1
DA:115,1
LF:49
LH:45
end_of_record
SF:lib\features\address\presentation\logic\address_state.dart
DA:4,4
DA:8,0
DA:9,0
DA:13,1
DA:14,1
DA:20,1
DA:22,1
DA:23,2
DA:29,4
DA:31,1
DA:32,1
DA:36,3
DA:38,1
DA:39,1
DA:43,1
DA:44,1
DA:48,1
DA:49,1
DA:53,0
DA:54,0
DA:58,0
DA:59,0
LF:22
LH:16
end_of_record
SF:lib\core\rules\building_no_field.dart
DA:3,2
DA:7,2
DA:9,0
DA:11,0
DA:13,0
LF:5
LH:2
end_of_record
SF:lib\core\rules\door_no_field.dart
DA:3,2
DA:7,2
DA:9,0
DA:11,0
DA:13,0
LF:5
LH:2
end_of_record
SF:lib\core\rules\floor_no_field.dart
DA:3,2
DA:7,2
DA:9,0
DA:11,0
DA:13,0
LF:5
LH:2
end_of_record
SF:lib\core\rules\place_name_field.dart
DA:3,2
DA:6,2
DA:8,0
DA:10,0
DA:12,0
LF:5
LH:2
end_of_record
SF:lib\features\address\address_text_field_form.dart
DA:13,1
DA:20,0
DA:22,0
LF:3
LH:1
end_of_record
