SF:lib\features\address\data\data_sources\address_remote_data_source.dart
DA:22,1
DA:25,1
DA:26,1
DA:28,4
DA:29,2
DA:30,2
DA:31,2
DA:32,2
DA:36,1
DA:41,1
DA:45,3
DA:47,1
DA:54,2
DA:55,2
DA:56,1
DA:58,0
DA:62,0
DA:65,0
DA:68,0
DA:71,0
LF:20
LH:15
end_of_record
SF:lib\features\address\data\models\address_model.dart
DA:4,7
DA:12,7
DA:22,2
DA:23,2
DA:24,2
DA:25,2
DA:26,2
DA:27,2
DA:28,2
DA:29,2
DA:30,2
DA:34,2
DA:35,2
DA:36,2
DA:37,2
DA:38,2
DA:39,2
DA:40,2
DA:41,2
DA:42,2
DA:45,0
DA:46,0
DA:47,0
DA:48,0
DA:49,0
DA:50,0
DA:51,0
DA:52,0
LF:28
LH:20
end_of_record
SF:lib\features\address\domain\entities\address.dart
DA:12,7
DA:22,3
DA:23,3
DA:24,3
DA:25,3
DA:26,3
DA:27,3
DA:28,3
DA:29,3
DA:30,3
LF:10
LH:10
end_of_record
SF:lib\core\error\failures.dart
DA:4,2
DA:5,2
LF:2
LH:2
end_of_record
SF:lib\core\usecases\usecase.dart
DA:10,1
DA:11,1
LF:2
LH:2
end_of_record
SF:lib\core\util\input_converter.dart
DA:6,1
DA:7,1
DA:9,3
DA:10,2
DA:11,0
DA:12,0
DA:16,1
DA:17,1
DA:19,3
DA:20,2
DA:21,0
DA:22,0
LF:12
LH:8
end_of_record
SF:lib\features\address\domain\use_cases\add_address.dart
DA:11,1
DA:13,1
DA:15,3
DA:22,2
DA:24,1
DA:25,2
LF:6
LH:6
end_of_record
SF:lib\features\address\domain\use_cases\delete_address.dart
DA:9,1
DA:12,1
DA:13,3
LF:3
LH:3
end_of_record
SF:lib\features\address\domain\use_cases\get_addresses.dart
DA:10,1
DA:13,1
DA:14,3
LF:3
LH:3
end_of_record
SF:lib\features\address\domain\use_cases\update_address.dart
DA:11,1
DA:14,1
DA:16,4
DA:23,2
DA:25,1
DA:26,2
LF:6
LH:6
end_of_record
SF:lib\features\address\presentation\logic\address_cubit.dart
DA:25,1
DA:31,2
DA:33,1
DA:34,2
DA:35,4
DA:36,1
DA:37,4
DA:38,3
DA:39,3
DA:42,1
DA:43,2
DA:44,2
DA:45,2
DA:46,1
DA:47,1
DA:48,1
DA:49,3
DA:50,3
DA:53,1
DA:54,2
DA:55,3
DA:56,1
DA:57,1
DA:58,1
DA:59,1
DA:60,3
DA:61,3
DA:64,1
DA:65,2
DA:66,3
DA:67,1
DA:68,1
DA:69,1
DA:70,2
DA:71,3
DA:75,1
DA:76,1
DA:77,1
DA:79,1
LF:39
LH:39
end_of_record
SF:lib\features\address\presentation\logic\address_state.dart
DA:4,11
DA:8,0
DA:9,0
DA:13,1
DA:14,1
DA:20,1
DA:22,1
DA:23,2
DA:29,11
DA:31,1
DA:32,1
DA:36,10
DA:38,1
DA:39,1
DA:43,1
DA:44,1
DA:48,1
DA:49,1
LF:18
LH:16
end_of_record
SF:lib\core\platform\network_info.dart
DA:8,0
DA:9,0
DA:10,0
LF:3
LH:0
end_of_record
SF:lib\features\address\data\repositories\address_impl.dart
DA:13,1
DA:17,1
DA:18,3
DA:20,4
DA:21,1
DA:22,2
DA:23,1
DA:24,2
DA:29,1
DA:30,3
DA:32,3
DA:34,1
DA:35,2
DA:36,1
DA:37,2
DA:42,1
DA:45,3
DA:47,1
DA:48,2
DA:49,0
DA:50,0
DA:55,1
DA:57,3
DA:59,1
DA:60,2
LF:25
LH:23
end_of_record
